# JRE version: Java(TM) SE Runtime Environment (8.0_201-b09) (build 1.8.0_201-b09)
# Java VM: Java HotSpot(TM) 64-Bit Server VM (25.201-b09 mixed mode windows-amd64 compressed oops)
Heap:
 PSYoungGen      total 116736K, used 103561K [0x00000000d6500000, 0x00000000de080000, 0x0000000100000000)
  eden space 109056K, 89% used [0x00000000d6500000,0x00000000dc4984c8,0x00000000dcf80000)
  from space 7680K, 73% used [0x00000000dd900000,0x00000000dde8a098,0x00000000de080000)
  to   space 8704K, 0% used [0x00000000dcf80000,0x00000000dcf80000,0x00000000dd800000)
 ParOldGen       total 52224K, used 29856K [0x0000000082e00000, 0x0000000086100000, 0x00000000d6500000)
  object space 52224K, 57% used [0x0000000082e00000,0x0000000084b28098,0x0000000086100000)
 Metaspace       used 41877K, capacity 42720K, committed 42840K, reserved 1087488K
  class space    used 5473K, capacity 5651K, committed 5720K, reserved 1048576K
GC Heap History (10 events):
Event: 8.499 GC heap before
{Heap before GC invocations=16 (full 2):
 PSYoungGen      total 117760K, used 109056K [0x00000000d6500000, 0x00000000de080000, 0x0000000100000000)
  eden space 109056K, 100% used [0x00000000d6500000,0x00000000dcf80000,0x00000000dcf80000)
  from space 8704K, 0% used [0x00000000dcf80000,0x00000000dcf80000,0x00000000dd800000)
  to   space 7680K, 0% used [0x00000000dd900000,0x00000000dd900000,0x00000000de080000)
 ParOldGen       total 52224K, used 23770K [0x0000000082e00000, 0x0000000086100000, 0x00000000d6500000)
  object space 52224K, 45% used [0x0000000082e00000,0x0000000084536b18,0x0000000086100000)
 Metaspace       used 35531K, capacity 36074K, committed 36568K, reserved 1083392K
  class space    used 4611K, capacity 4738K, committed 4824K, reserved 1048576K
Event: 8.503 GC heap after
Heap after GC invocations=16 (full 2):
 PSYoungGen      total 116736K, used 3433K [0x00000000d6500000, 0x00000000de080000, 0x0000000100000000)
  eden space 109056K, 0% used [0x00000000d6500000,0x00000000d6500000,0x00000000dcf80000)
  from space 7680K, 44% used [0x00000000dd900000,0x00000000ddc5a5e8,0x00000000de080000)
  to   space 8704K, 0% used [0x00000000dcf80000,0x00000000dcf80000,0x00000000dd800000)
 ParOldGen       total 52224K, used 23778K [0x0000000082e00000, 0x0000000086100000, 0x00000000d6500000)
  object space 52224K, 45% used [0x0000000082e00000,0x0000000084538b18,0x0000000086100000)
 Metaspace       used 35531K, capacity 36074K, committed 36568K, reserved 1083392K
  class space    used 4611K, capacity 4738K, committed 4824K, reserved 1048576K
}
Event: 8.953 GC heap before
{Heap before GC invocations=17 (full 2):
 PSYoungGen      total 116736K, used 112489K [0x00000000d6500000, 0x00000000de080000, 0x0000000100000000)
  eden space 109056K, 100% used [0x00000000d6500000,0x00000000dcf80000,0x00000000dcf80000)
  from space 7680K, 44% used [0x00000000dd900000,0x00000000ddc5a5e8,0x00000000de080000)
  to   space 8704K, 0% used [0x00000000dcf80000,0x00000000dcf80000,0x00000000dd800000)
 ParOldGen       total 52224K, used 23778K [0x0000000082e00000, 0x0000000086100000, 0x00000000d6500000)
  object space 52224K, 45% used [0x0000000082e00000,0x0000000084538b18,0x0000000086100000)
 Metaspace       used 36688K, capacity 37260K, committed 37720K, reserved 1083392K
  class space    used 4782K, capacity 4909K, committed 4952K, reserved 1048576K
Event: 8.958 GC heap after
Heap after GC invocations=17 (full 2):
 PSYoungGen      total 117760K, used 6177K [0x00000000d6500000, 0x00000000de080000, 0x0000000100000000)
  eden space 109056K, 0% used [0x00000000d6500000,0x00000000d6500000,0x00000000dcf80000)
  from space 8704K, 70% used [0x00000000dcf80000,0x00000000dd588688,0x00000000dd800000)
  to   space 7680K, 0% used [0x00000000dd900000,0x00000000dd900000,0x00000000de080000)
 ParOldGen       total 52224K, used 23786K [0x0000000082e00000, 0x0000000086100000, 0x00000000d6500000)
  object space 52224K, 45% used [0x0000000082e00000,0x000000008453ab18,0x0000000086100000)
 Metaspace       used 36688K, capacity 37260K, committed 37720K, reserved 1083392K
  class space    used 4782K, capacity 4909K, committed 4952K, reserved 1048576K
}
Event: 9.412 GC heap before
{Heap before GC invocations=18 (full 2):
 PSYoungGen      total 117760K, used 115233K [0x00000000d6500000, 0x00000000de080000, 0x0000000100000000)
  eden space 109056K, 100% used [0x00000000d6500000,0x00000000dcf80000,0x00000000dcf80000)
  from space 8704K, 70% used [0x00000000dcf80000,0x00000000dd588688,0x00000000dd800000)
  to   space 7680K, 0% used [0x00000000dd900000,0x00000000dd900000,0x00000000de080000)
 ParOldGen       total 52224K, used 23786K [0x0000000082e00000, 0x0000000086100000, 0x00000000d6500000)
  object space 52224K, 45% used [0x0000000082e00000,0x000000008453ab18,0x0000000086100000)
 Metaspace       used 37255K, capacity 37796K, committed 38104K, reserved 1083392K
  class space    used 4847K, capacity 4977K, committed 5080K, reserved 1048576K
Event: 9.420 GC heap after
Heap after GC invocations=18 (full 2):
 PSYoungGen      total 116736K, used 7584K [0x00000000d6500000, 0x00000000de080000, 0x0000000100000000)
  eden space 109056K, 0% used [0x00000000d6500000,0x00000000d6500000,0x00000000dcf80000)
  from space 7680K, 98% used [0x00000000dd900000,0x00000000de068020,0x00000000de080000)
  to   space 8704K, 0% used [0x00000000dcf80000,0x00000000dcf80000,0x00000000dd800000)
 ParOldGen       total 52224K, used 23794K [0x0000000082e00000, 0x0000000086100000, 0x00000000d6500000)
  object space 52224K, 45% used [0x0000000082e00000,0x000000008453cb18,0x0000000086100000)
 Metaspace       used 37255K, capacity 37796K, committed 38104K, reserved 1083392K
  class space    used 4847K, capacity 4977K, committed 5080K, reserved 1048576K
}
Event: 9.935 GC heap before
{Heap before GC invocations=19 (full 2):
 PSYoungGen      total 116736K, used 116640K [0x00000000d6500000, 0x00000000de080000, 0x0000000100000000)
  eden space 109056K, 100% used [0x00000000d6500000,0x00000000dcf80000,0x00000000dcf80000)
  from space 7680K, 98% used [0x00000000dd900000,0x00000000de068020,0x00000000de080000)
  to   space 8704K, 0% used [0x00000000dcf80000,0x00000000dcf80000,0x00000000dd800000)
 ParOldGen       total 52224K, used 23794K [0x0000000082e00000, 0x0000000086100000, 0x00000000d6500000)
  object space 52224K, 45% used [0x0000000082e00000,0x000000008453cb18,0x0000000086100000)
 Metaspace       used 38103K, capacity 38766K, committed 39000K, reserved 1085440K
  class space    used 4967K, capacity 5129K, committed 5208K, reserved 1048576K
Event: 9.941 GC heap after
Heap after GC invocations=19 (full 2):
 PSYoungGen      total 117760K, used 8672K [0x00000000d6500000, 0x00000000de080000, 0x0000000100000000)
  eden space 109056K, 0% used [0x00000000d6500000,0x00000000d6500000,0x00000000dcf80000)
  from space 8704K, 99% used [0x00000000dcf80000,0x00000000dd7f8020,0x00000000dd800000)
  to   space 7680K, 0% used [0x00000000dd900000,0x00000000dd900000,0x00000000de080000)
 ParOldGen       total 52224K, used 25160K [0x0000000082e00000, 0x0000000086100000, 0x00000000d6500000)
  object space 52224K, 48% used [0x0000000082e00000,0x0000000084692078,0x0000000086100000)
 Metaspace       used 38103K, capacity 38766K, committed 39000K, reserved 1085440K
  class space    used 4967K, capacity 5129K, committed 5208K, reserved 1048576K
}
Event: 10.594 GC heap before
{Heap before GC invocations=20 (full 2):
 PSYoungGen      total 117760K, used 117728K [0x00000000d6500000, 0x00000000de080000, 0x0000000100000000)
  eden space 109056K, 100% used [0x00000000d6500000,0x00000000dcf80000,0x00000000dcf80000)
  from space 8704K, 99% used [0x00000000dcf80000,0x00000000dd7f8020,0x00000000dd800000)
  to   space 7680K, 0% used [0x00000000dd900000,0x00000000dd900000,0x00000000de080000)
 ParOldGen       total 52224K, used 25160K [0x0000000082e00000, 0x0000000086100000, 0x00000000d6500000)
  object space 52224K, 48% used [0x0000000082e00000,0x0000000084692078,0x0000000086100000)
 Metaspace       used 38555K, capacity 39376K, committed 39512K, reserved 1085440K
  class space    used 5032K, capacity 5204K, committed 5208K, reserved 1048576K
Event: 10.601 GC heap after
Heap after GC invocations=20 (full 2):
 PSYoungGen      total 116736K, used 5672K [0x00000000d6500000, 0x00000000de080000, 0x0000000100000000)
  eden space 109056K, 0% used [0x00000000d6500000,0x00000000d6500000,0x00000000dcf80000)
  from space 7680K, 73% used [0x00000000dd900000,0x00000000dde8a098,0x00000000de080000)
  to   space 8704K, 0% used [0x00000000dcf80000,0x00000000dcf80000,0x00000000dd800000)
 ParOldGen       total 52224K, used 29856K [0x0000000082e00000, 0x0000000086100000, 0x00000000d6500000)
  object space 52224K, 57% used [0x0000000082e00000,0x0000000084b28098,0x0000000086100000)
 Metaspace       used 38555K, capacity 39376K, committed 39512K, reserved 1085440K
  class space    used 5032K, capacity 5204K, committed 5208K, reserved 1048576K
}

